<?xml version="1.0" encoding="UTF-8"?>
<!-- Generated by org.testng.reporters.JUnitReportReporter -->
<testsuite hostname="Madan" failures="0" tests="1" name="com.adactinhotelapp.testcases.TC104_VerifyingTheSearchHotelDetails" time="11.420" errors="0" timestamp="2025-10-27T23:52:47 IST" skipped="0">
  <testcase classname="com.adactinhotelapp.testcases.TC104_VerifyingTheSearchHotelDetails" name="verifyingTheSearchHotelDetails" time="11.420"/>
</testsuite> <!-- com.adactinhotelapp.testcases.TC104_VerifyingTheSearchHotelDetails -->
