<?xml version="1.0" encoding="UTF-8"?>
<!-- Generated by org.testng.reporters.JUnitReportReporter -->
<testsuite hostname="Madan" failures="0" tests="1" name="testCases.TC109_LogOutFromApplication_SearchHotel" time="21.723" errors="0" timestamp="2025-10-24T00:35:19 IST" skipped="0">
  <testcase classname="testCases.TC109_LogOutFromApplication_SearchHotel" name="toVerifyNumOfRooms" time="21.723"/>
</testsuite> <!-- testCases.TC109_LogOutFromApplication_SearchHotel -->
