<?xml version="1.0" encoding="UTF-8"?>
<!-- Generated by org.testng.reporters.JUnitReportReporter -->
<testsuite hostname="Madan" failures="0" tests="1" name="testCases.TC112_ValidatingFinalBillPrice_SearchHotel" time="15.652" errors="0" timestamp="2025-10-24T11:02:10 IST" skipped="0">
  <testcase classname="testCases.TC112_ValidatingFinalBillPrice_SearchHotel" name="toValidatingFieldsofTotalPrice" time="15.652"/>
</testsuite> <!-- testCases.TC112_ValidatingFinalBillPrice_SearchHotel -->
