<?xml version="1.0" encoding="UTF-8"?>
<!-- Generated by org.testng.reporters.JUnitReportReporter -->
<testsuite hostname="Madan" failures="0" tests="1" name="testCases.TC117_VerifyingIfSearchIdShowingValidDeatils_SelectHotel" time="83.680" errors="0" timestamp="2025-10-24T20:12:09 IST" skipped="0">
  <testcase classname="testCases.TC117_VerifyingIfSearchIdShowingValidDeatils_SelectHotel" name="toVerifyingFieldsInSelectHotel" time="83.680"/>
</testsuite> <!-- testCases.TC117_VerifyingIfSearchIdShowingValidDeatils_SelectHotel -->
