<?xml version="1.0" encoding="UTF-8"?>
<!-- Generated by org.testng.reporters.JUnitReportReporter -->
<testsuite hostname="Madan" failures="0" tests="1" name="testCases.TC111_ValidatingFields_BookHotelPage" time="15.795" errors="0" timestamp="2025-10-24T20:12:09 IST" skipped="0">
  <testcase classname="testCases.TC111_ValidatingFields_BookHotelPage" name="toValidatingFieldsInBookHotelPage" time="15.795"/>
</testsuite> <!-- testCases.TC111_ValidatingFields_BookHotelPage -->
