<?xml version="1.0" encoding="UTF-8"?>
<!-- Generated by org.testng.reporters.JUnitReportReporter -->
<testsuite hostname="Madan" failures="0" tests="1" name="testCases.TC102_ValidatingForgotPossword" time="13.797" errors="0" timestamp="2025-10-21T21:46:00 IST" skipped="0">
  <testcase classname="testCases.TC102_ValidatingForgotPossword" name="validatingForgotPossword" time="13.797"/>
</testsuite> <!-- testCases.TC102_ValidatingForgotPossword -->
