<?xml version="1.0" encoding="UTF-8"?>
<!-- Generated by org.testng.reporters.JUnitReportReporter -->
<testsuite hostname="Madan" failures="0" tests="1" name="com.adactinhotelapp.testcases.TC105_ToVerifyChkIn_Out_DateProper_SearchHotel" time="11.869" errors="0" timestamp="2025-10-27T23:52:47 IST" skipped="0">
  <testcase classname="com.adactinhotelapp.testcases.TC105_ToVerifyChkIn_Out_DateProper_SearchHotel" name="verifyingChkInAndChkOutDates" time="11.869"/>
</testsuite> <!-- com.adactinhotelapp.testcases.TC105_ToVerifyChkIn_Out_DateProper_SearchHotel -->
