<?xml version="1.0" encoding="UTF-8"?>
<!-- Generated by org.testng.reporters.JUnitReportReporter -->
<testsuite hostname="Madan" failures="0" tests="1" name="testCases.TC101_ToVerifyValidLoginDetails" time="19.198" errors="0" timestamp="2025-10-24T20:12:09 IST" skipped="0">
  <testcase classname="testCases.TC101_ToVerifyValidLoginDetails" name="ValidLoginDetails" time="19.198"/>
</testsuite> <!-- testCases.TC101_ToVerifyValidLoginDetails -->
