<?xml version="1.0" encoding="UTF-8"?>
<!-- Generated by org.testng.reporters.JUnitReportReporter -->
<testsuite hostname="Madan" failures="0" tests="1" name="com.adactinhotelapp.testcases.TC117_VerifyingIfSearchIdShowingValidDeatils_SelectHotel" time="74.776" errors="0" timestamp="2025-10-27T23:52:47 IST" skipped="0">
  <testcase classname="com.adactinhotelapp.testcases.TC117_VerifyingIfSearchIdShowingValidDeatils_SelectHotel" name="toVerifyingFieldsInSelectHotel" time="74.776"/>
</testsuite> <!-- com.adactinhotelapp.testcases.TC117_VerifyingIfSearchIdShowingValidDeatils_SelectHotel -->
