<?xml version="1.0" encoding="UTF-8"?>
<!-- Generated by org.testng.reporters.JUnitReportReporter -->
<testsuite hostname="Madan" failures="0" tests="1" name="testCases.TC108_VerifyTheTotalPricesOfTheRooms" time="13.767" errors="0" timestamp="2025-10-24T20:12:09 IST" skipped="0">
  <testcase classname="testCases.TC108_VerifyTheTotalPricesOfTheRooms" name="toVerifyNumOfRooms" time="13.767"/>
</testsuite> <!-- testCases.TC108_VerifyTheTotalPricesOfTheRooms -->
