<?xml version="1.0" encoding="UTF-8"?>
<!-- Generated by org.testng.reporters.JUnitReportReporter -->
<testsuite hostname="Madan" failures="0" tests="1" name="testCases.TC119_VerifyingIfSearchIdShowingValidDeatils_SelectHotel" time="119.953" errors="0" timestamp="2025-10-24T18:11:43 IST" skipped="0">
  <testcase classname="testCases.TC119_VerifyingIfSearchIdShowingValidDeatils_SelectHotel" name="toVerifyingFieldsInSelectHotel" time="119.953"/>
</testsuite> <!-- testCases.TC119_VerifyingIfSearchIdShowingValidDeatils_SelectHotel -->
