<?xml version="1.0" encoding="UTF-8"?>
<!-- Generated by org.testng.reporters.JUnitReportReporter -->
<testsuite hostname="Madan" failures="0" tests="1" name="testCases.TC118_VerifyingIfSearchIdShowingValidDeatils_SelectHotel2" time="114.710" errors="0" timestamp="2025-10-24T17:46:33 IST" skipped="0">
  <testcase classname="testCases.TC118_VerifyingIfSearchIdShowingValidDeatils_SelectHotel2" name="toVerifyingFieldsInSelectHotel" time="114.710"/>
</testsuite> <!-- testCases.TC118_VerifyingIfSearchIdShowingValidDeatils_SelectHotel2 -->
