<?xml version="1.0" encoding="UTF-8"?>
<!-- Generated by org.testng.reporters.JUnitReportReporter -->
<testsuite hostname="Madan" failures="0" tests="1" name="testCases.TC102_toVerifyCheckIn_CheckOut_Dates" time="18.889" errors="0" timestamp="2025-10-24T20:12:09 IST" skipped="0">
  <testcase classname="testCases.TC102_toVerifyCheckIn_CheckOut_Dates" name="verifyingChkInAndChkOutDates" time="18.889"/>
</testsuite> <!-- testCases.TC102_toVerifyCheckIn_CheckOut_Dates -->
