<?xml version="1.0" encoding="UTF-8"?>
<!-- Generated by org.testng.reporters.JUnitReportReporter -->
<testsuite hostname="Madan" failures="0" tests="1" name="testCases.TC114_VerifyingOrderNumber_BookingConfirm" time="35.462" errors="0" timestamp="2025-10-24T20:12:09 IST" skipped="0">
  <testcase classname="testCases.TC114_VerifyingOrderNumber_BookingConfirm" name="toVerifyingDatesInBookingConfirm" time="35.462"/>
</testsuite> <!-- testCases.TC114_VerifyingOrderNumber_BookingConfirm -->
