<?xml version="1.0" encoding="UTF-8"?>
<!-- Generated by org.testng.reporters.JUnitReportReporter -->
<testsuite hostname="Madan" failures="0" tests="1" name="testCases.TC120_VerifyAllPagesTitles" time="19.987" errors="0" timestamp="2025-10-24T20:12:09 IST" skipped="0">
  <testcase classname="testCases.TC120_VerifyAllPagesTitles" name="titlesVerify" time="19.987"/>
</testsuite> <!-- testCases.TC120_VerifyAllPagesTitles -->
