<?xml version="1.0" encoding="UTF-8"?>
<!-- Generated by org.testng.reporters.JUnitReportReporter -->
<testsuite hostname="Madan" failures="0" tests="1" name="testCases.TC112_ValidatingFinalBillPrice_BookHotel" time="16.437" errors="0" timestamp="2025-10-24T20:12:09 IST" skipped="0">
  <testcase classname="testCases.TC112_ValidatingFinalBillPrice_BookHotel" name="toValidatingFieldsofTotalPrice" time="16.437"/>
</testsuite> <!-- testCases.TC112_ValidatingFinalBillPrice_BookHotel -->
