<?xml version="1.0" encoding="UTF-8"?>
<!-- Generated by org.testng.reporters.JUnitReportReporter -->
<testsuite hostname="Madan" failures="0" tests="1" name="testCases.TC115_VerifyingIfItineraryDetailsEditable_SelectHotel" time="44.650" errors="0" timestamp="2025-10-24T20:12:09 IST" skipped="0">
  <testcase classname="testCases.TC115_VerifyingIfItineraryDetailsEditable_SelectHotel" name="toVerifyingDatesInBookingConfirm" time="44.650"/>
</testsuite> <!-- testCases.TC115_VerifyingIfItineraryDetailsEditable_SelectHotel -->
