<?xml version="1.0" encoding="UTF-8"?>
<!-- Generated by org.testng.reporters.JUnitReportReporter -->
<testsuite hostname="Madan" failures="0" tests="1" name="testCases.TC103_ToVerifyErrorMSGInDateField" time="13.116" errors="0" timestamp="2025-10-24T20:12:09 IST" skipped="0">
  <testcase classname="testCases.TC103_ToVerifyErrorMSGInDateField" name="toVerifyErrorMSGInDateField" time="13.116"/>
</testsuite> <!-- testCases.TC103_ToVerifyErrorMSGInDateField -->
