<?xml version="1.0" encoding="UTF-8"?>
<!-- Generated by org.testng.reporters.JUnitReportReporter -->
<testsuite hostname="Madan" failures="0" tests="1" name="testCases.TC103_ToVerifyIfErrorIsDateField" time="10.829" errors="0" timestamp="2025-10-23T13:46:09 IST" skipped="0">
  <testcase classname="testCases.TC103_ToVerifyIfErrorIsDateField" name="verifyingChkInAndChkOutDates" time="10.829"/>
</testsuite> <!-- testCases.TC103_ToVerifyIfErrorIsDateField -->
