<?xml version="1.0" encoding="UTF-8"?>
<!-- Generated by org.testng.reporters.JUnitReportReporter -->
<testsuite hostname="Madan" failures="0" tests="1" name="com.adactinhotelapp.testcases.TC121_ValidatingForgotPossword" time="10.682" errors="0" timestamp="2025-10-27T22:04:50 IST" skipped="0">
  <testcase classname="com.adactinhotelapp.testcases.TC121_ValidatingForgotPossword" name="validatingForgotPossword" time="10.682"/>
</testsuite> <!-- com.adactinhotelapp.testcases.TC121_ValidatingForgotPossword -->
