<?xml version="1.0" encoding="UTF-8"?>
<!-- Generated by org.testng.reporters.JUnitReportReporter -->
<testsuite hostname="Madan" failures="0" tests="1" name="testCases.TC102_ValidatingForgotPossword" time="8.359" errors="0" timestamp="2025-10-19T17:55:23 IST" skipped="0">
  <testcase classname="testCases.TC102_ValidatingForgotPossword" name="validatingForgotPossword" time="8.359"/>
</testsuite> <!-- testCases.TC102_ValidatingForgotPossword -->
